

Microchip MPLAB XC8 Assembler V2.10 build 88905656 
                                                                                               Mon Jun 22 21:23:57 2020

Microchip MPLAB XC8 C Compiler v2.10 (Free license) build 20190730164152 Og1 
     1                           	processor	16F1938
     2                           	opt	pw 120
     3                           	opt	flic
     4                           	psect	cinit,global,class=CODE,merge=1,delta=2
     5                           	psect	cstackCOMMON,global,class=COMMON,space=1,delta=1
     6                           	psect	maintext,global,class=CODE,merge=1,split=1,delta=2
     7                           	dabs	1,0x7E,2
     8  0000                     
     9                           ; Version 2.10
    10                           ; Generated 31/07/2019 GMT
    11                           ; 
    12                           ; Copyright © 2019, Microchip Technology Inc. and its subsidiaries ("Microchip")
    13                           ; All rights reserved.
    14                           ; 
    15                           ; This software is developed by Microchip Technology Inc. and its subsidiaries ("Microch
      +                          ip").
    16                           ; 
    17                           ; Redistribution and use in source and binary forms, with or without modification, are
    18                           ; permitted provided that the following conditions are met:
    19                           ; 
    20                           ;     1. Redistributions of source code must retain the above copyright notice, this lis
      +                          t of
    21                           ;        conditions and the following disclaimer.
    22                           ; 
    23                           ;     2. Redistributions in binary form must reproduce the above copyright notice, this 
      +                          list
    24                           ;        of conditions and the following disclaimer in the documentation and/or other
    25                           ;        materials provided with the distribution.
    26                           ; 
    27                           ;     3. Microchip's name may not be used to endorse or promote products derived from th
      +                          is
    28                           ;        software without specific prior written permission.
    29                           ; 
    30                           ; THIS SOFTWARE IS PROVIDED BY MICROCHIP "AS IS" AND ANY EXPRESS OR IMPLIED WARRANTIES,
    31                           ; INCLUDING, BUT NOT LIMITED TO, THE IMPLIED WARRANTIES OF MERCHANTABILITY AND FITNESS F
      +                          OR
    32                           ; PURPOSE ARE DISCLAIMED.  IN NO EVENT SHALL MICROCHIP BE LIABLE FOR ANY DIRECT, INDIREC
      +                          T,
    33                           ; INCIDENTAL, SPECIAL, EXEMPLARY, OR CONSEQUENTIAL DAMAGES (INCLUDING BUT NOT LIMITED TO
    34                           ; PROCUREMENT OF SUBSTITUTE GOODS OR SERVICES; LOSS OF USE, DATA OR PROFITS; OR BUSINESS
    35                           ; INTERRUPTION) HOWSOEVER CAUSED AND ON ANY THEORY OF LIABILITY, WHETHER IN CONTRACT, ST
      +                          RICT
    36                           ; LIABILITY, OR TORT (INCLUDING NEGLIGENCE OR OTHERWISE) ARISING IN ANY WAY OUT OF THE U
      +                          SE OF
    37                           ; THIS SOFTWARE, EVEN IF ADVISED OF THE POSSIBILITY OF SUCH DAMAGE.
    38                           ; 
    39                           ; 
    40                           ; Code-generator required, PIC16F1938 Definitions
    41                           ; 
    42                           ; SFR Addresses
    43  0000                     	;# 
    44  0001                     	;# 
    45  0002                     	;# 
    46  0003                     	;# 
    47  0004                     	;# 
    48  0005                     	;# 
    49  0006                     	;# 
    50  0007                     	;# 
    51  0008                     	;# 
    52  0009                     	;# 
    53  000A                     	;# 
    54  000B                     	;# 
    55  000C                     	;# 
    56  000D                     	;# 
    57  000E                     	;# 
    58  0010                     	;# 
    59  0011                     	;# 
    60  0012                     	;# 
    61  0013                     	;# 
    62  0015                     	;# 
    63  0016                     	;# 
    64  0016                     	;# 
    65  0017                     	;# 
    66  0018                     	;# 
    67  0019                     	;# 
    68  001A                     	;# 
    69  001B                     	;# 
    70  001C                     	;# 
    71  001E                     	;# 
    72  001F                     	;# 
    73  008C                     	;# 
    74  008D                     	;# 
    75  008E                     	;# 
    76  0090                     	;# 
    77  0091                     	;# 
    78  0092                     	;# 
    79  0093                     	;# 
    80  0095                     	;# 
    81  0096                     	;# 
    82  0097                     	;# 
    83  0098                     	;# 
    84  0099                     	;# 
    85  009A                     	;# 
    86  009B                     	;# 
    87  009B                     	;# 
    88  009C                     	;# 
    89  009D                     	;# 
    90  009E                     	;# 
    91  010C                     	;# 
    92  010D                     	;# 
    93  010E                     	;# 
    94  0110                     	;# 
    95  0111                     	;# 
    96  0112                     	;# 
    97  0113                     	;# 
    98  0114                     	;# 
    99  0115                     	;# 
   100  0116                     	;# 
   101  0117                     	;# 
   102  0118                     	;# 
   103  0119                     	;# 
   104  011A                     	;# 
   105  011B                     	;# 
   106  011D                     	;# 
   107  018C                     	;# 
   108  018D                     	;# 
   109  0191                     	;# 
   110  0191                     	;# 
   111  0192                     	;# 
   112  0193                     	;# 
   113  0193                     	;# 
   114  0193                     	;# 
   115  0194                     	;# 
   116  0195                     	;# 
   117  0196                     	;# 
   118  0199                     	;# 
   119  019A                     	;# 
   120  019B                     	;# 
   121  019B                     	;# 
   122  019B                     	;# 
   123  019B                     	;# 
   124  019C                     	;# 
   125  019C                     	;# 
   126  019D                     	;# 
   127  019E                     	;# 
   128  019F                     	;# 
   129  020D                     	;# 
   130  0210                     	;# 
   131  0211                     	;# 
   132  0212                     	;# 
   133  0213                     	;# 
   134  0214                     	;# 
   135  0215                     	;# 
   136  0215                     	;# 
   137  0216                     	;# 
   138  0217                     	;# 
   139  0291                     	;# 
   140  0291                     	;# 
   141  0292                     	;# 
   142  0293                     	;# 
   143  0294                     	;# 
   144  0295                     	;# 
   145  0295                     	;# 
   146  0296                     	;# 
   147  0298                     	;# 
   148  0298                     	;# 
   149  0299                     	;# 
   150  029A                     	;# 
   151  029B                     	;# 
   152  029C                     	;# 
   153  029C                     	;# 
   154  029D                     	;# 
   155  029E                     	;# 
   156  029F                     	;# 
   157  0311                     	;# 
   158  0311                     	;# 
   159  0312                     	;# 
   160  0313                     	;# 
   161  0314                     	;# 
   162  0315                     	;# 
   163  0315                     	;# 
   164  0316                     	;# 
   165  0318                     	;# 
   166  0318                     	;# 
   167  0319                     	;# 
   168  031A                     	;# 
   169  031C                     	;# 
   170  031C                     	;# 
   171  031D                     	;# 
   172  031E                     	;# 
   173  0394                     	;# 
   174  0395                     	;# 
   175  0396                     	;# 
   176  0415                     	;# 
   177  0416                     	;# 
   178  0417                     	;# 
   179  041C                     	;# 
   180  041D                     	;# 
   181  041E                     	;# 
   182  0791                     	;# 
   183  0792                     	;# 
   184  0793                     	;# 
   185  0794                     	;# 
   186  0795                     	;# 
   187  0798                     	;# 
   188  0799                     	;# 
   189  07A0                     	;# 
   190  07A1                     	;# 
   191  07A3                     	;# 
   192  07A4                     	;# 
   193  07A6                     	;# 
   194  07A7                     	;# 
   195  07A9                     	;# 
   196  07AA                     	;# 
   197  0FE4                     	;# 
   198  0FE5                     	;# 
   199  0FE6                     	;# 
   200  0FE7                     	;# 
   201  0FE8                     	;# 
   202  0FE9                     	;# 
   203  0FEA                     	;# 
   204  0FEB                     	;# 
   205  0FED                     	;# 
   206  0FEE                     	;# 
   207  0FEF                     	;# 
   208  0000                     	;# 
   209  0001                     	;# 
   210  0002                     	;# 
   211  0003                     	;# 
   212  0004                     	;# 
   213  0005                     	;# 
   214  0006                     	;# 
   215  0007                     	;# 
   216  0008                     	;# 
   217  0009                     	;# 
   218  000A                     	;# 
   219  000B                     	;# 
   220  000C                     	;# 
   221  000D                     	;# 
   222  000E                     	;# 
   223  0010                     	;# 
   224  0011                     	;# 
   225  0012                     	;# 
   226  0013                     	;# 
   227  0015                     	;# 
   228  0016                     	;# 
   229  0016                     	;# 
   230  0017                     	;# 
   231  0018                     	;# 
   232  0019                     	;# 
   233  001A                     	;# 
   234  001B                     	;# 
   235  001C                     	;# 
   236  001E                     	;# 
   237  001F                     	;# 
   238  008C                     	;# 
   239  008D                     	;# 
   240  008E                     	;# 
   241  0090                     	;# 
   242  0091                     	;# 
   243  0092                     	;# 
   244  0093                     	;# 
   245  0095                     	;# 
   246  0096                     	;# 
   247  0097                     	;# 
   248  0098                     	;# 
   249  0099                     	;# 
   250  009A                     	;# 
   251  009B                     	;# 
   252  009B                     	;# 
   253  009C                     	;# 
   254  009D                     	;# 
   255  009E                     	;# 
   256  010C                     	;# 
   257  010D                     	;# 
   258  010E                     	;# 
   259  0110                     	;# 
   260  0111                     	;# 
   261  0112                     	;# 
   262  0113                     	;# 
   263  0114                     	;# 
   264  0115                     	;# 
   265  0116                     	;# 
   266  0117                     	;# 
   267  0118                     	;# 
   268  0119                     	;# 
   269  011A                     	;# 
   270  011B                     	;# 
   271  011D                     	;# 
   272  018C                     	;# 
   273  018D                     	;# 
   274  0191                     	;# 
   275  0191                     	;# 
   276  0192                     	;# 
   277  0193                     	;# 
   278  0193                     	;# 
   279  0193                     	;# 
   280  0194                     	;# 
   281  0195                     	;# 
   282  0196                     	;# 
   283  0199                     	;# 
   284  019A                     	;# 
   285  019B                     	;# 
   286  019B                     	;# 
   287  019B                     	;# 
   288  019B                     	;# 
   289  019C                     	;# 
   290  019C                     	;# 
   291  019D                     	;# 
   292  019E                     	;# 
   293  019F                     	;# 
   294  020D                     	;# 
   295  0210                     	;# 
   296  0211                     	;# 
   297  0212                     	;# 
   298  0213                     	;# 
   299  0214                     	;# 
   300  0215                     	;# 
   301  0215                     	;# 
   302  0216                     	;# 
   303  0217                     	;# 
   304  0291                     	;# 
   305  0291                     	;# 
   306  0292                     	;# 
   307  0293                     	;# 
   308  0294                     	;# 
   309  0295                     	;# 
   310  0295                     	;# 
   311  0296                     	;# 
   312  0298                     	;# 
   313  0298                     	;# 
   314  0299                     	;# 
   315  029A                     	;# 
   316  029B                     	;# 
   317  029C                     	;# 
   318  029C                     	;# 
   319  029D                     	;# 
   320  029E                     	;# 
   321  029F                     	;# 
   322  0311                     	;# 
   323  0311                     	;# 
   324  0312                     	;# 
   325  0313                     	;# 
   326  0314                     	;# 
   327  0315                     	;# 
   328  0315                     	;# 
   329  0316                     	;# 
   330  0318                     	;# 
   331  0318                     	;# 
   332  0319                     	;# 
   333  031A                     	;# 
   334  031C                     	;# 
   335  031C                     	;# 
   336  031D                     	;# 
   337  031E                     	;# 
   338  0394                     	;# 
   339  0395                     	;# 
   340  0396                     	;# 
   341  0415                     	;# 
   342  0416                     	;# 
   343  0417                     	;# 
   344  041C                     	;# 
   345  041D                     	;# 
   346  041E                     	;# 
   347  0791                     	;# 
   348  0792                     	;# 
   349  0793                     	;# 
   350  0794                     	;# 
   351  0795                     	;# 
   352  0798                     	;# 
   353  0799                     	;# 
   354  07A0                     	;# 
   355  07A1                     	;# 
   356  07A3                     	;# 
   357  07A4                     	;# 
   358  07A6                     	;# 
   359  07A7                     	;# 
   360  07A9                     	;# 
   361  07AA                     	;# 
   362  0FE4                     	;# 
   363  0FE5                     	;# 
   364  0FE6                     	;# 
   365  0FE7                     	;# 
   366  0FE8                     	;# 
   367  0FE9                     	;# 
   368  0FEA                     	;# 
   369  0FEB                     	;# 
   370  0FED                     	;# 
   371  0FEE                     	;# 
   372  0FEF                     	;# 
   373                           
   374                           	psect	cinit
   375  07FD                     start_initialization:	
   376                           ; #config settings
   377                           
   378  07FD                     __initialization:	
   379  07FD                     end_of_initialization:	
   380                           ;End of C runtime variable initialization code
   381                           
   382  07FD                     __end_of__initialization:	
   383  07FD  0020               	movlb	0
   384  07FE  3187  2FFB         	ljmp	_main	;jump to C main() function
   385                           
   386                           	psect	cstackCOMMON
   387  0000                     __pcstackCOMMON:	
   388  0000                     ?_main:	
   389  0000                     ??_main:	
   390                           ; 1 bytes @ 0x0
   391                           
   392                           
   393                           	psect	maintext
   394  07FB                     __pmaintext:	
   395                           ; 1 bytes @ 0x0
   396 ;;
   397 ;;Main: autosize = 0, tempsize = 0, incstack = 0, save=0
   398 ;;
   399 ;; *************** function _main *****************
   400 ;; Defined at:
   401 ;;		line 11 in file "main.c"
   402 ;; Parameters:    Size  Location     Type
   403 ;;		None
   404 ;; Auto vars:     Size  Location     Type
   405 ;;		None
   406 ;; Return value:  Size  Location     Type
   407 ;;                  1    wreg      void 
   408 ;; Registers used:
   409 ;;		None
   410 ;; Tracked objects:
   411 ;;		On entry : B1F/0
   412 ;;		On exit  : 0/0
   413 ;;		Unchanged: 0/0
   414 ;; Data sizes:     COMMON   BANK0   BANK1   BANK2   BANK3   BANK4   BANK5   BANK6   BANK7   BANK8   BANK9  BANK10  BANK1
      +1  BANK12
   415 ;;      Params:         0       0       0       0       0       0       0       0       0       0       0       0       
      +0       0
   416 ;;      Locals:         0       0       0       0       0       0       0       0       0       0       0       0       
      +0       0
   417 ;;      Temps:          0       0       0       0       0       0       0       0       0       0       0       0       
      +0       0
   418 ;;      Totals:         0       0       0       0       0       0       0       0       0       0       0       0       
      +0       0
   419 ;;Total ram usage:        0 bytes
   420 ;; This function calls:
   421 ;;		Nothing
   422 ;; This function is called by:
   423 ;;		Startup code after reset
   424 ;; This function uses a non-reentrant model
   425 ;;
   426                           
   427                           
   428                           ;psect for function _main
   429  07FB                     _main:	
   430  07FB                     l613:	
   431                           ;incstack = 0
   432                           ; Regs used in _main: []
   433                           
   434  07FB                     l5:	
   435                           ;main.c: 12:     return;
   436                           
   437  07FB  3180  2802         	ljmp	start
   438  07FD                     __end_of_main:	
   439  007E                     btemp	set	126	;btemp
   440  007E                     wtemp0	set	126


Data Sizes:
    Strings     0
    Constant    0
    Data        0
    BSS         0
    Persistent  32
    Stack       0

Auto Spaces:
    Space          Size  Autos    Used
    COMMON           14      0       0
    BANK0            80      0       0
    BANK1            80      0       0
    BANK2            80      0       0
    BANK3            80      0       0
    BANK4            80      0       0
    BANK5            80      0       0
    BANK6            80      0       0
    BANK7            80      0       0
    BANK8            80      0       0
    BANK9            80      0       0
    BANK10           80      0       0
    BANK11           80      0       0
    BANK12           48      0       0

Pointer List with Targets:

    None.

Critical Paths under _main in COMMON

    None.

Critical Paths under _main in BANK0

    None.

Critical Paths under _main in BANK1

    None.

Critical Paths under _main in BANK2

    None.

Critical Paths under _main in BANK3

    None.

Critical Paths under _main in BANK4

    None.

Critical Paths under _main in BANK5

    None.

Critical Paths under _main in BANK6

    None.

Critical Paths under _main in BANK7

    None.

Critical Paths under _main in BANK8

    None.

Critical Paths under _main in BANK9

    None.

Critical Paths under _main in BANK10

    None.

Critical Paths under _main in BANK11

    None.

Critical Paths under _main in BANK12

    None.

Call Graph Tables:

 ---------------------------------------------------------------------------------
 (Depth) Function   	        Calls       Base Space   Used Autos Params    Refs
 ---------------------------------------------------------------------------------
 (0) _main                                                 0     0      0       0
 ---------------------------------------------------------------------------------
 Estimated maximum stack depth 0
 ---------------------------------------------------------------------------------

 Call Graph Graphs:

 _main (ROOT)

 Address spaces:
Name               Size   Autos  Total    Cost      Usage
BIGRAM             3F0      0       0       0        0.0%
EEDATA             100      0       0       0        0.0%
NULL                 0      0       0       0        0.0%
CODE                 0      0       0       0        0.0%
BITCOMMON            E      0       0       1        0.0%
BITSFR0              0      0       0       1        0.0%
SFR0                 0      0       0       1        0.0%
COMMON               E      0       0       2        0.0%
BITSFR1              0      0       0       2        0.0%
SFR1                 0      0       0       2        0.0%
BITSFR2              0      0       0       3        0.0%
SFR2                 0      0       0       3        0.0%
STACK                0      0       0       3        0.0%
BITBANK0            50      0       0       4        0.0%
BITSFR3              0      0       0       4        0.0%
SFR3                 0      0       0       4        0.0%
BANK0               50      0       0       5        0.0%
BITSFR4              0      0       0       5        0.0%
SFR4                 0      0       0       5        0.0%
BITBANK1            50      0       0       6        0.0%
BITSFR5              0      0       0       6        0.0%
SFR5                 0      0       0       6        0.0%
BANK1               50      0       0       7        0.0%
BITSFR6              0      0       0       7        0.0%
SFR6                 0      0       0       7        0.0%
BITBANK2            50      0       0       8        0.0%
BITSFR7              0      0       0       8        0.0%
SFR7                 0      0       0       8        0.0%
BANK2               50      0       0       9        0.0%
BITSFR8              0      0       0       9        0.0%
SFR8                 0      0       0       9        0.0%
BITBANK3            50      0       0      10        0.0%
BITSFR9              0      0       0      10        0.0%
SFR9                 0      0       0      10        0.0%
BANK3               50      0       0      11        0.0%
BITSFR10             0      0       0      11        0.0%
SFR10                0      0       0      11        0.0%
BITBANK4            50      0       0      12        0.0%
BITSFR11             0      0       0      12        0.0%
SFR11                0      0       0      12        0.0%
BANK4               50      0       0      13        0.0%
BITSFR12             0      0       0      13        0.0%
SFR12                0      0       0      13        0.0%
BITBANK5            50      0       0      14        0.0%
BITSFR13             0      0       0      14        0.0%
SFR13                0      0       0      14        0.0%
BANK5               50      0       0      15        0.0%
BITSFR14             0      0       0      15        0.0%
SFR14                0      0       0      15        0.0%
BITBANK6            50      0       0      16        0.0%
BITSFR15             0      0       0      16        0.0%
SFR15                0      0       0      16        0.0%
BANK6               50      0       0      17        0.0%
BITSFR16             0      0       0      17        0.0%
SFR16                0      0       0      17        0.0%
BITBANK7            50      0       0      18        0.0%
BITSFR17             0      0       0      18        0.0%
SFR17                0      0       0      18        0.0%
BANK7               50      0       0      19        0.0%
BITSFR18             0      0       0      19        0.0%
SFR18                0      0       0      19        0.0%
BITSFR19             0      0       0      20        0.0%
SFR19                0      0       0      20        0.0%
ABS                  0      0       0      20        0.0%
BITBANK8            50      0       0      21        0.0%
BITSFR20             0      0       0      21        0.0%
SFR20                0      0       0      21        0.0%
BANK8               50      0       0      22        0.0%
BITSFR21             0      0       0      22        0.0%
SFR21                0      0       0      22        0.0%
BITBANK9            50      0       0      23        0.0%
BITSFR22             0      0       0      23        0.0%
SFR22                0      0       0      23        0.0%
BANK9               50      0       0      24        0.0%
BITSFR23             0      0       0      24        0.0%
SFR23                0      0       0      24        0.0%
BITBANK10           50      0       0      25        0.0%
BITSFR24             0      0       0      25        0.0%
SFR24                0      0       0      25        0.0%
BANK10              50      0       0      26        0.0%
BITSFR25             0      0       0      26        0.0%
SFR25                0      0       0      26        0.0%
BITBANK11           50      0       0      27        0.0%
BITSFR26             0      0       0      27        0.0%
SFR26                0      0       0      27        0.0%
BANK11              50      0       0      28        0.0%
BITSFR27             0      0       0      28        0.0%
SFR27                0      0       0      28        0.0%
BITBANK12           30      0       0      29        0.0%
BITSFR28             0      0       0      29        0.0%
SFR28                0      0       0      29        0.0%
BANK12              30      0       0      30        0.0%
BITSFR29             0      0       0      30        0.0%
SFR29                0      0       0      30        0.0%
BITSFR30             0      0       0      31        0.0%
SFR30                0      0       0      31        0.0%
DATA                 0      0       0      31        0.0%
BITSFR31             0      0       0      32        0.0%
SFR31                0      0       0      32        0.0%


Microchip Technology PIC Macro Assembler V2.10 build 88905656 
Symbol Table                                                                                   Mon Jun 22 21:23:57 2020

                      l5 07FB                      l613 07FB                     _main 07FB  
                   btemp 007E                     start 0002                    ?_main 0000  
                  wtemp0 007E          __initialization 07FD             __end_of_main 07FD  
                 ??_main 0000  __end_of__initialization 07FD           __pcstackCOMMON 0000  
             __pmaintext 07FB     end_of_initialization 07FD      start_initialization 07FD  
              ___latbits 0003            __size_of_main 0002  
